<?xml version="1.0" encoding="UTF-8"?>
<testsuite xmlns:xsi="http://www.w3.org/2001/XMLSchema-instance" xsi:noNamespaceSchemaLocation="https://maven.apache.org/surefire/maven-surefire-plugin/xsd/surefire-test-report-3.0.xsd" version="3.0" name="db.DatabaseManagerTest" time="0.87" tests="20" errors="0" skipped="0" failures="0">
  <properties>
[...]
</properties>
  <testcase name="testAddAdmin" classname="db.DatabaseManagerTest" time="0.095">
    <system-err><![CDATA[SLF4J: Failed to load class "org.slf4j.impl.StaticLoggerBinder".
SLF4J: Defaulting to no-operation (NOP) logger implementation
SLF4J: See http://www.slf4j.org/codes.html#StaticLoggerBinder for further details.
]]></system-err>
  </testcase>
  <testcase name="testAddMember" classname="db.DatabaseManagerTest" time="0.018"/>
  <testcase name="testLoginValid" classname="db.DatabaseManagerTest" time="0.01"/>
  <testcase name="testLoginInvalidPassword" classname="db.DatabaseManagerTest" time="0.005"/>
  <testcase name="testDuplicateUserFails" classname="db.DatabaseManagerTest" time="0.01"/>
  <testcase name="testPasswordHashing" classname="db.DatabaseManagerTest" time="0.007"/>
  <testcase name="testAddBook1" classname="db.DatabaseManagerTest" time="0.011"/>
  <testcase name="testDuplicateBookFails" classname="db.DatabaseManagerTest" time="0.005"/>
  <testcase name="testGetAllBooks" classname="db.DatabaseManagerTest" time="0.008"/>
  <testcase name="testBorrowBookAsAdmin" classname="db.DatabaseManagerTest" time="0.037"/>
  <testcase name="testReturnBook" classname="db.DatabaseManagerTest" time="0.021"/>
  <testcase name="testAddBook2" classname="db.DatabaseManagerTest" time="0.011"/>
  <testcase name="testAdminCanDeleteBook" classname="db.DatabaseManagerTest" time="0.02"/>
  <testcase name="testSearchBookByAuthor" classname="db.DatabaseManagerTest" time="0.005"/>
  <testcase name="testSearchBookByCategory" classname="db.DatabaseManagerTest" time="0.005"/>
  <testcase name="testChangeUserToMember" classname="db.DatabaseManagerTest" time="0.005"/>
  <testcase name="testBorrowBookAsMember" classname="db.DatabaseManagerTest" time="0.025"/>
  <testcase name="testAliceCannotBorrowDuneTwice" classname="db.DatabaseManagerTest" time="0.012">
    <system-err><![CDATA[Borrow failed: Book is already borrowed (ID: 1)
]]></system-err>
  </testcase>
  <testcase name="testAddBob" classname="db.DatabaseManagerTest" time="0.013"/>
  <testcase name="testBobCannotBorrowDune" classname="db.DatabaseManagerTest" time="0.016">
    <system-err><![CDATA[Borrow failed: Book is already borrowed (ID: 1)
]]></system-err>
  </testcase>
</testsuite>